{"/home/felipe/Downloads/FNBPasswordValidator/index.js":{"path":"/home/felipe/Downloads/FNBPasswordValidator/index.js","s":{"1":1,"2":11,"3":11,"4":11,"5":11,"6":11,"7":11,"8":11,"9":11,"10":8,"11":8,"12":8,"13":8,"14":8,"15":8,"16":8,"17":11,"18":1,"19":10,"20":1,"21":9,"22":1,"23":8,"24":1,"25":7,"26":2,"27":5,"28":1,"29":4,"30":0,"31":4,"32":1,"33":1,"34":3,"35":1,"36":8,"37":1,"38":7,"39":1,"40":5,"41":1,"42":4,"43":1,"44":3,"45":3,"46":3,"47":2,"48":1},"b":{"1":[8,3],"2":[8,7],"3":[8,7],"4":[8,7],"5":[8,7],"6":[8,7],"7":[8,7],"8":[8,6],"9":[1,10],"10":[1,9],"11":[1,8],"12":[1,7],"13":[8,1],"14":[2,5],"15":[7,2],"16":[1,4],"17":[5,1],"18":[0,4],"19":[4,0],"20":[1,3],"21":[4,2],"22":[2,1]},"f":{"1":11,"2":8,"3":7,"4":5,"5":4,"6":3},"fnMap":{"1":{"name":"(anonymous_1)","line":1,"loc":{"start":{"line":1,"column":19},"end":{"line":1,"column":47}}},"2":{"name":"(anonymous_2)","line":58,"loc":{"start":{"line":58,"column":19},"end":{"line":58,"column":36}}},"3":{"name":"(anonymous_3)","line":62,"loc":{"start":{"line":62,"column":19},"end":{"line":62,"column":36}}},"4":{"name":"(anonymous_4)","line":66,"loc":{"start":{"line":66,"column":27},"end":{"line":66,"column":44}}},"5":{"name":"(anonymous_5)","line":70,"loc":{"start":{"line":70,"column":16},"end":{"line":70,"column":33}}},"6":{"name":"(anonymous_6)","line":74,"loc":{"start":{"line":74,"column":24},"end":{"line":74,"column":58}}}},"statementMap":{"1":{"start":{"line":1,"column":0},"end":{"line":56,"column":1}},"2":{"start":{"line":3,"column":1},"end":{"line":3,"column":13}},"3":{"start":{"line":4,"column":1},"end":{"line":4,"column":15}},"4":{"start":{"line":5,"column":1},"end":{"line":5,"column":20}},"5":{"start":{"line":6,"column":1},"end":{"line":6,"column":22}},"6":{"start":{"line":7,"column":1},"end":{"line":7,"column":22}},"7":{"start":{"line":8,"column":1},"end":{"line":8,"column":30}},"8":{"start":{"line":9,"column":1},"end":{"line":9,"column":33}},"9":{"start":{"line":11,"column":1},"end":{"line":20,"column":2}},"10":{"start":{"line":13,"column":2},"end":{"line":13,"column":27}},"11":{"start":{"line":14,"column":2},"end":{"line":14,"column":27}},"12":{"start":{"line":15,"column":2},"end":{"line":15,"column":39}},"13":{"start":{"line":16,"column":2},"end":{"line":16,"column":45}},"14":{"start":{"line":17,"column":2},"end":{"line":17,"column":45}},"15":{"start":{"line":18,"column":2},"end":{"line":18,"column":69}},"16":{"start":{"line":19,"column":2},"end":{"line":19,"column":63}},"17":{"start":{"line":22,"column":1},"end":{"line":24,"column":2}},"18":{"start":{"line":23,"column":2},"end":{"line":23,"column":56}},"19":{"start":{"line":26,"column":1},"end":{"line":28,"column":2}},"20":{"start":{"line":27,"column":2},"end":{"line":27,"column":91}},"21":{"start":{"line":30,"column":1},"end":{"line":32,"column":2}},"22":{"start":{"line":31,"column":2},"end":{"line":31,"column":97}},"23":{"start":{"line":34,"column":1},"end":{"line":36,"column":2}},"24":{"start":{"line":35,"column":2},"end":{"line":35,"column":89}},"25":{"start":{"line":38,"column":1},"end":{"line":40,"column":2}},"26":{"start":{"line":39,"column":2},"end":{"line":39,"column":89}},"27":{"start":{"line":42,"column":1},"end":{"line":44,"column":2}},"28":{"start":{"line":43,"column":2},"end":{"line":43,"column":87}},"29":{"start":{"line":46,"column":1},"end":{"line":48,"column":2}},"30":{"start":{"line":47,"column":2},"end":{"line":47,"column":76}},"31":{"start":{"line":50,"column":1},"end":{"line":53,"column":2}},"32":{"start":{"line":51,"column":2},"end":{"line":51,"column":63}},"33":{"start":{"line":52,"column":2},"end":{"line":52,"column":80}},"34":{"start":{"line":55,"column":1},"end":{"line":55,"column":53}},"35":{"start":{"line":58,"column":0},"end":{"line":60,"column":1}},"36":{"start":{"line":59,"column":1},"end":{"line":59,"column":40}},"37":{"start":{"line":62,"column":0},"end":{"line":64,"column":1}},"38":{"start":{"line":63,"column":1},"end":{"line":63,"column":40}},"39":{"start":{"line":66,"column":0},"end":{"line":68,"column":1}},"40":{"start":{"line":67,"column":1},"end":{"line":67,"column":63}},"41":{"start":{"line":70,"column":0},"end":{"line":72,"column":1}},"42":{"start":{"line":71,"column":2},"end":{"line":71,"column":30}},"43":{"start":{"line":74,"column":0},"end":{"line":86,"column":1}},"44":{"start":{"line":76,"column":1},"end":{"line":76,"column":44}},"45":{"start":{"line":78,"column":1},"end":{"line":83,"column":2}},"46":{"start":{"line":80,"column":2},"end":{"line":82,"column":3}},"47":{"start":{"line":81,"column":3},"end":{"line":81,"column":51}},"48":{"start":{"line":85,"column":1},"end":{"line":85,"column":24}}},"branchMap":{"1":{"line":11,"type":"if","locations":[{"start":{"line":11,"column":1},"end":{"line":11,"column":1}},{"start":{"line":11,"column":1},"end":{"line":11,"column":1}}]},"2":{"line":13,"type":"binary-expr","locations":[{"start":{"line":13,"column":8},"end":{"line":13,"column":19}},{"start":{"line":13,"column":23},"end":{"line":13,"column":26}}]},"3":{"line":14,"type":"binary-expr","locations":[{"start":{"line":14,"column":8},"end":{"line":14,"column":19}},{"start":{"line":14,"column":23},"end":{"line":14,"column":26}}]},"4":{"line":15,"type":"binary-expr","locations":[{"start":{"line":15,"column":12},"end":{"line":15,"column":27}},{"start":{"line":15,"column":31},"end":{"line":15,"column":38}}]},"5":{"line":16,"type":"binary-expr","locations":[{"start":{"line":16,"column":14},"end":{"line":16,"column":31}},{"start":{"line":16,"column":35},"end":{"line":16,"column":44}}]},"6":{"line":17,"type":"binary-expr","locations":[{"start":{"line":17,"column":14},"end":{"line":17,"column":31}},{"start":{"line":17,"column":35},"end":{"line":17,"column":44}}]},"7":{"line":18,"type":"binary-expr","locations":[{"start":{"line":18,"column":22},"end":{"line":18,"column":47}},{"start":{"line":18,"column":51},"end":{"line":18,"column":68}}]},"8":{"line":19,"type":"binary-expr","locations":[{"start":{"line":19,"column":20},"end":{"line":19,"column":43}},{"start":{"line":19,"column":47},"end":{"line":19,"column":62}}]},"9":{"line":22,"type":"if","locations":[{"start":{"line":22,"column":1},"end":{"line":22,"column":1}},{"start":{"line":22,"column":1},"end":{"line":22,"column":1}}]},"10":{"line":26,"type":"if","locations":[{"start":{"line":26,"column":1},"end":{"line":26,"column":1}},{"start":{"line":26,"column":1},"end":{"line":26,"column":1}}]},"11":{"line":30,"type":"if","locations":[{"start":{"line":30,"column":1},"end":{"line":30,"column":1}},{"start":{"line":30,"column":1},"end":{"line":30,"column":1}}]},"12":{"line":34,"type":"if","locations":[{"start":{"line":34,"column":1},"end":{"line":34,"column":1}},{"start":{"line":34,"column":1},"end":{"line":34,"column":1}}]},"13":{"line":34,"type":"binary-expr","locations":[{"start":{"line":34,"column":5},"end":{"line":34,"column":28}},{"start":{"line":34,"column":32},"end":{"line":34,"column":41}}]},"14":{"line":38,"type":"if","locations":[{"start":{"line":38,"column":1},"end":{"line":38,"column":1}},{"start":{"line":38,"column":1},"end":{"line":38,"column":1}}]},"15":{"line":38,"type":"binary-expr","locations":[{"start":{"line":38,"column":5},"end":{"line":38,"column":28}},{"start":{"line":38,"column":32},"end":{"line":38,"column":41}}]},"16":{"line":42,"type":"if","locations":[{"start":{"line":42,"column":1},"end":{"line":42,"column":1}},{"start":{"line":42,"column":1},"end":{"line":42,"column":1}}]},"17":{"line":42,"type":"binary-expr","locations":[{"start":{"line":42,"column":4},"end":{"line":42,"column":35}},{"start":{"line":42,"column":39},"end":{"line":42,"column":56}}]},"18":{"line":46,"type":"if","locations":[{"start":{"line":46,"column":1},"end":{"line":46,"column":1}},{"start":{"line":46,"column":1},"end":{"line":46,"column":1}}]},"19":{"line":46,"type":"binary-expr","locations":[{"start":{"line":46,"column":4},"end":{"line":46,"column":24}},{"start":{"line":46,"column":28},"end":{"line":46,"column":35}}]},"20":{"line":50,"type":"if","locations":[{"start":{"line":50,"column":1},"end":{"line":50,"column":1}},{"start":{"line":50,"column":1},"end":{"line":50,"column":1}}]},"21":{"line":50,"type":"binary-expr","locations":[{"start":{"line":50,"column":4},"end":{"line":50,"column":36}},{"start":{"line":50,"column":40},"end":{"line":50,"column":91}}]},"22":{"line":80,"type":"if","locations":[{"start":{"line":80,"column":2},"end":{"line":80,"column":2}},{"start":{"line":80,"column":2},"end":{"line":80,"column":2}}]}}}}