TN:
SF:/home/felipe/Downloads/FNBPasswordValidator/index.js
FN:1,(anonymous_1)
FN:58,(anonymous_2)
FN:62,(anonymous_3)
FN:66,(anonymous_4)
FN:70,(anonymous_5)
FN:74,(anonymous_6)
FNF:6
FNH:6
FNDA:11,(anonymous_1)
FNDA:8,(anonymous_2)
FNDA:7,(anonymous_3)
FNDA:5,(anonymous_4)
FNDA:4,(anonymous_5)
FNDA:3,(anonymous_6)
DA:1,1
DA:3,11
DA:4,11
DA:5,11
DA:6,11
DA:7,11
DA:8,11
DA:9,11
DA:11,11
DA:13,8
DA:14,8
DA:15,8
DA:16,8
DA:17,8
DA:18,8
DA:19,8
DA:22,11
DA:23,1
DA:26,10
DA:27,1
DA:30,9
DA:31,1
DA:34,8
DA:35,1
DA:38,7
DA:39,2
DA:42,5
DA:43,1
DA:46,4
DA:47,0
DA:50,4
DA:51,1
DA:52,1
DA:55,3
DA:58,1
DA:59,8
DA:62,1
DA:63,7
DA:66,1
DA:67,5
DA:70,1
DA:71,4
DA:74,1
DA:76,3
DA:78,3
DA:80,3
DA:81,2
DA:85,1
LF:48
LH:47
BRDA:11,1,0,8
BRDA:11,1,1,3
BRDA:13,2,0,8
BRDA:13,2,1,7
BRDA:14,3,0,8
BRDA:14,3,1,7
BRDA:15,4,0,8
BRDA:15,4,1,7
BRDA:16,5,0,8
BRDA:16,5,1,7
BRDA:17,6,0,8
BRDA:17,6,1,7
BRDA:18,7,0,8
BRDA:18,7,1,7
BRDA:19,8,0,8
BRDA:19,8,1,6
BRDA:22,9,0,1
BRDA:22,9,1,10
BRDA:26,10,0,1
BRDA:26,10,1,9
BRDA:30,11,0,1
BRDA:30,11,1,8
BRDA:34,12,0,1
BRDA:34,12,1,7
BRDA:34,13,0,8
BRDA:34,13,1,1
BRDA:38,14,0,2
BRDA:38,14,1,5
BRDA:38,15,0,7
BRDA:38,15,1,2
BRDA:42,16,0,1
BRDA:42,16,1,4
BRDA:42,17,0,5
BRDA:42,17,1,1
BRDA:46,18,0,0
BRDA:46,18,1,4
BRDA:46,19,0,4
BRDA:46,19,1,0
BRDA:50,20,0,1
BRDA:50,20,1,3
BRDA:50,21,0,4
BRDA:50,21,1,2
BRDA:80,22,0,2
BRDA:80,22,1,1
BRF:44
BRH:42
end_of_record
